<?xml version="1.0" encoding="UTF-8"?>
<!-- Generated by org.testng.reporters.JUnitXMLReporter -->
<testsuite hostname="DESKTOP-H9NR6FH" ignored="0" name="Different testing feature test" tests="4" failures="0" timestamp="23 Nov 2020 01:51:52 GMT" time="19.112" errors="0">
  <testcase name="googleLogoTest" time="0.1" classname="com.test.GoogleTitleTest"/>
  <testcase name="googleTitleTest" time="0.013" classname="com.test.GoogleTitleTest"/>
  <testcase name="loginTest" time="0.004" classname="com.test.TestNgFeatures"/>
  <testcase name="test1" time="0.003" classname="com.test.ExceptionTimeOutTest"/>
</testsuite> <!-- Different testing feature test -->
