<?xml version="1.0" encoding="UTF-8"?>
<testng-results skipped="0" failed="0" ignored="0" total="1" passed="1">
  <reporter-output>
  </reporter-output>
  <suite name="Yahoo App Test Automation" duration-ms="10816" started-at="2020-11-23T21:53:57Z" finished-at="2020-11-23T21:54:07Z">
    <groups>
    </groups>
    <test name="Yahoo App Test" duration-ms="10816" started-at="2020-11-23T21:53:57Z" finished-at="2020-11-23T21:54:07Z">
      <class name="com.parameters.ParameterTest">
        <test-method status="PASS" signature="yahooLoginTest(java.lang.String, java.lang.String, java.lang.String)[pri:0, instance:com.parameters.ParameterTest@5034c75a]" name="yahooLoginTest" duration-ms="10777" started-at="2020-11-23T21:53:57Z" finished-at="2020-11-23T21:54:07Z">
          <params>
            <param index="0">
              <value>
                <![CDATA[chrome]]>
              </value>
            </param>
            <param index="1">
              <value>
                <![CDATA[https://login.yahoo.com/]]>
              </value>
            </param>
            <param index="2">
              <value>
                <![CDATA[test@yahoo.com]]>
              </value>
            </param>
          </params>
          <reporter-output>
          </reporter-output>
        </test-method> <!-- yahooLoginTest -->
      </class> <!-- com.parameters.ParameterTest -->
    </test> <!-- Yahoo App Test -->
  </suite> <!-- Yahoo App Test Automation -->
</testng-results>
